2026-01-18 11:35:20,313 - INFO - 开始执行测试流程
2026-01-18 11:35:20,314 - INFO - 尝试连接串口 /dev/ttyUSB0
2026-01-18 11:35:29,897 - INFO - 执行停止操作
2026-01-18 11:35:32,664 - INFO - 开始执行测试流程
2026-01-18 11:35:32,664 - INFO - 尝试连接串口 /dev/ttyUSB0
2026-01-18 11:37:47,380 - INFO - 执行停止操作
2026-01-18 11:37:48,558 - INFO - 开始执行测试流程
2026-01-18 11:37:48,558 - INFO - 尝试连接串口 /dev/ttyUSB0
2026-01-18 11:37:50,280 - INFO - 执行停止操作
2026-01-18 11:37:50,766 - INFO - 开始执行测试流程
2026-01-18 11:37:50,766 - INFO - 尝试连接串口 /dev/ttyUSB0
2026-01-18 11:50:42,195 - INFO - 开始执行测试流程
2026-01-18 11:50:42,196 - INFO - 尝试连接串口 /dev/ttyUSB0
2026-01-18 11:53:10,316 - INFO - 开始执行测试流程
2026-01-18 11:53:10,317 - INFO - 尝试连接串口 /dev/ttyUSB0
2026-01-18 11:53:11,869 - INFO - 执行停止操作
2026-01-18 11:53:15,554 - INFO - 开始执行测试流程
2026-01-18 11:53:15,554 - INFO - 尝试连接串口 /dev/ttyUSB0
2026-01-18 11:53:17,331 - INFO - 执行停止操作
2026-01-18 11:53:20,056 - INFO - 开始执行测试流程
2026-01-18 11:53:20,056 - INFO - 尝试连接串口 /dev/ttyUSB0
2026-01-18 11:53:21,156 - INFO - 执行停止操作
2026-01-18 11:54:56,666 - INFO - 开始执行测试流程
2026-01-18 11:54:56,667 - INFO - 尝试连接串口 /dev/ttyUSB0
2026-01-18 12:01:48,697 - ERROR - 无法连接串口: [Errno 2] could not open port /dev/ttyUSB0: [Errno 2] No such file or directory: '/dev/ttyUSB0'
2026-01-18 12:01:51,141 - ERROR - 无法连接串口: [Errno 2] could not open port /dev/ttyUSB0: [Errno 2] No such file or directory: '/dev/ttyUSB0'
2026-01-18 12:01:52,079 - ERROR - 无法连接串口: [Errno 2] could not open port /dev/ttyUSB0: [Errno 2] No such file or directory: '/dev/ttyUSB0'
2026-01-18 12:01:52,688 - ERROR - 无法连接串口: [Errno 2] could not open port /dev/ttyUSB0: [Errno 2] No such file or directory: '/dev/ttyUSB0'
2026-01-18 12:14:27,210 - INFO - 开始执行测试流程
2026-01-18 12:14:27,210 - INFO - 尝试连接串口 /dev/ttyUSB0
2026-01-18 12:14:27,210 - ERROR - 无法连接串口: [Errno 2] could not open port /dev/ttyUSB0: [Errno 2] No such file or directory: '/dev/ttyUSB0'
2026-01-18 12:14:27,210 - ERROR - 串口错误: 无法获取串口连接
2026-01-18 12:18:57,610 - INFO - 开始执行测试流程
2026-01-18 12:18:57,611 - INFO - 尝试连接串口 /dev/ttyUSB0
2026-01-18 12:18:57,611 - ERROR - 无法连接串口: [Errno 2] could not open port /dev/ttyUSB0: [Errno 2] No such file or directory: '/dev/ttyUSB0'
2026-01-18 12:18:57,611 - ERROR - 串口错误: 无法获取串口连接
2026-01-18 12:19:37,814 - INFO - 开始执行测试流程
2026-01-18 12:19:37,814 - INFO - 尝试连接串口 /dev/ttyUSB0
2026-01-18 12:19:37,814 - ERROR - 无法连接串口: [Errno 2] could not open port /dev/ttyUSB0: [Errno 2] No such file or directory: '/dev/ttyUSB0'
2026-01-18 12:19:37,814 - ERROR - 串口错误: 无法获取串口连接
2026-01-18 12:19:39,260 - INFO - 开始执行测试流程
2026-01-18 12:19:39,261 - INFO - 尝试连接串口 /dev/ttyUSB0
2026-01-18 12:19:39,261 - ERROR - 无法连接串口: [Errno 2] could not open port /dev/ttyUSB0: [Errno 2] No such file or directory: '/dev/ttyUSB0'
2026-01-18 12:19:39,261 - ERROR - 串口错误: 无法获取串口连接
2026-01-18 12:19:40,245 - INFO - 开始执行测试流程
2026-01-18 12:19:40,245 - INFO - 尝试连接串口 /dev/ttyUSB0
2026-01-18 12:19:40,245 - ERROR - 无法连接串口: [Errno 2] could not open port /dev/ttyUSB0: [Errno 2] No such file or directory: '/dev/ttyUSB0'
2026-01-18 12:19:40,245 - ERROR - 串口错误: 无法获取串口连接
2026-01-18 12:19:43,735 - ERROR - 无法连接串口: [Errno 2] could not open port /dev/ttyUSB0: [Errno 2] No such file or directory: '/dev/ttyUSB0'
2026-01-18 12:19:44,407 - ERROR - 无法连接串口: [Errno 2] could not open port /dev/ttyUSB0: [Errno 2] No such file or directory: '/dev/ttyUSB0'
2026-01-18 12:19:45,073 - ERROR - 无法连接串口: [Errno 2] could not open port /dev/ttyUSB0: [Errno 2] No such file or directory: '/dev/ttyUSB0'
2026-01-18 12:19:45,677 - ERROR - 无法连接串口: [Errno 2] could not open port /dev/ttyUSB0: [Errno 2] No such file or directory: '/dev/ttyUSB0'
2026-01-18 12:19:46,323 - ERROR - 无法连接串口: [Errno 2] could not open port /dev/ttyUSB0: [Errno 2] No such file or directory: '/dev/ttyUSB0'
2026-01-18 12:19:46,815 - ERROR - 无法连接串口: [Errno 2] could not open port /dev/ttyUSB0: [Errno 2] No such file or directory: '/dev/ttyUSB0'
2026-01-18 12:19:47,284 - ERROR - 无法连接串口: [Errno 2] could not open port /dev/ttyUSB0: [Errno 2] No such file or directory: '/dev/ttyUSB0'
2026-01-18 12:19:47,744 - ERROR - 无法连接串口: [Errno 2] could not open port /dev/ttyUSB0: [Errno 2] No such file or directory: '/dev/ttyUSB0'
2026-01-18 12:19:48,569 - ERROR - 无法连接串口: [Errno 2] could not open port /dev/ttyUSB0: [Errno 2] No such file or directory: '/dev/ttyUSB0'
2026-01-18 12:19:49,118 - ERROR - 无法连接串口: [Errno 2] could not open port /dev/ttyUSB0: [Errno 2] No such file or directory: '/dev/ttyUSB0'
2026-01-18 12:33:37,493 - ERROR - 无法连接串口: [Errno 2] could not open port /dev/ttyUSB0: [Errno 2] No such file or directory: '/dev/ttyUSB0'
2026-01-18 12:33:38,498 - ERROR - 无法连接串口: [Errno 2] could not open port /dev/ttyUSB0: [Errno 2] No such file or directory: '/dev/ttyUSB0'
2026-01-18 12:33:39,999 - ERROR - 无法连接串口: [Errno 2] could not open port /dev/ttyUSB0: [Errno 2] No such file or directory: '/dev/ttyUSB0'
2026-01-18 12:33:41,732 - ERROR - 无法连接串口: [Errno 2] could not open port /dev/ttyUSB0: [Errno 2] No such file or directory: '/dev/ttyUSB0'
2026-01-18 12:33:42,418 - ERROR - 无法连接串口: [Errno 2] could not open port /dev/ttyUSB0: [Errno 2] No such file or directory: '/dev/ttyUSB0'
2026-01-18 12:33:43,376 - ERROR - 无法连接串口: [Errno 2] could not open port /dev/ttyUSB0: [Errno 2] No such file or directory: '/dev/ttyUSB0'
2026-01-18 12:33:44,075 - ERROR - 无法连接串口: [Errno 2] could not open port /dev/ttyUSB0: [Errno 2] No such file or directory: '/dev/ttyUSB0'
2026-01-18 12:33:44,677 - ERROR - 无法连接串口: [Errno 2] could not open port /dev/ttyUSB0: [Errno 2] No such file or directory: '/dev/ttyUSB0'
2026-01-18 12:33:45,369 - ERROR - 无法连接串口: [Errno 2] could not open port /dev/ttyUSB0: [Errno 2] No such file or directory: '/dev/ttyUSB0'
2026-01-18 12:38:01,547 - INFO - 开始执行测试流程
2026-01-18 12:38:01,548 - INFO - 尝试连接串口 /dev/ttyUSB0
2026-01-18 12:38:01,549 - ERROR - 无法连接串口: [Errno 2] could not open port /dev/ttyUSB0: [Errno 2] No such file or directory: '/dev/ttyUSB0'
2026-01-18 12:38:01,549 - ERROR - 串口错误: 无法获取串口连接
2026-01-18 12:38:14,354 - ERROR - 无法连接串口: [Errno 2] could not open port /dev/ttyUSB0: [Errno 2] No such file or directory: '/dev/ttyUSB0'
2026-01-18 12:38:17,113 - ERROR - 无法连接串口: [Errno 2] could not open port /dev/ttyUSB0: [Errno 2] No such file or directory: '/dev/ttyUSB0'
2026-01-18 12:38:18,703 - ERROR - 无法连接串口: [Errno 2] could not open port /dev/ttyUSB0: [Errno 2] No such file or directory: '/dev/ttyUSB0'
2026-01-18 12:38:20,373 - ERROR - 无法连接串口: [Errno 2] could not open port /dev/ttyUSB0: [Errno 2] No such file or directory: '/dev/ttyUSB0'
2026-01-18 12:38:21,297 - ERROR - 无法连接串口: [Errno 2] could not open port /dev/ttyUSB0: [Errno 2] No such file or directory: '/dev/ttyUSB0'
2026-01-18 12:38:21,931 - ERROR - 无法连接串口: [Errno 2] could not open port /dev/ttyUSB0: [Errno 2] No such file or directory: '/dev/ttyUSB0'
2026-01-18 12:38:22,801 - ERROR - 无法连接串口: [Errno 2] could not open port /dev/ttyUSB0: [Errno 2] No such file or directory: '/dev/ttyUSB0'
2026-01-18 12:38:24,300 - ERROR - 无法连接串口: [Errno 2] could not open port /dev/ttyUSB0: [Errno 2] No such file or directory: '/dev/ttyUSB0'
2026-01-18 12:38:24,807 - ERROR - 无法连接串口: [Errno 2] could not open port /dev/ttyUSB0: [Errno 2] No such file or directory: '/dev/ttyUSB0'
2026-01-18 12:45:37,029 - INFO - 开始执行测试流程
2026-01-18 12:45:37,031 - INFO - 尝试连接串口 /dev/ttyUSB0
2026-01-18 12:45:37,031 - ERROR - 无法连接串口: [Errno 2] could not open port /dev/ttyUSB0: [Errno 2] No such file or directory: '/dev/ttyUSB0'
2026-01-18 12:45:37,031 - ERROR - 串口错误: 无法获取串口连接
2026-01-18 12:46:35,459 - INFO - 开始执行测试流程
2026-01-18 12:46:35,459 - INFO - 尝试连接串口 /dev/ttyUSB0
2026-01-18 12:46:35,459 - ERROR - 无法连接串口: [Errno 2] could not open port /dev/ttyUSB0: [Errno 2] No such file or directory: '/dev/ttyUSB0'
2026-01-18 12:46:35,459 - ERROR - 串口错误: 无法获取串口连接
2026-01-18 12:46:40,024 - INFO - 开始执行测试流程
2026-01-18 12:46:40,024 - INFO - 尝试连接串口 /dev/ttyUSB0
2026-01-18 12:46:40,024 - ERROR - 无法连接串口: [Errno 2] could not open port /dev/ttyUSB0: [Errno 2] No such file or directory: '/dev/ttyUSB0'
2026-01-18 12:46:40,024 - ERROR - 串口错误: 无法获取串口连接
2026-01-18 12:46:40,739 - INFO - 开始执行测试流程
2026-01-18 12:46:40,740 - INFO - 尝试连接串口 /dev/ttyUSB0
2026-01-18 12:46:40,740 - ERROR - 无法连接串口: [Errno 2] could not open port /dev/ttyUSB0: [Errno 2] No such file or directory: '/dev/ttyUSB0'
2026-01-18 12:46:40,740 - ERROR - 串口错误: 无法获取串口连接
2026-01-18 12:46:41,227 - INFO - 开始执行测试流程
2026-01-18 12:46:41,227 - INFO - 尝试连接串口 /dev/ttyUSB0
2026-01-18 12:46:41,227 - ERROR - 无法连接串口: [Errno 2] could not open port /dev/ttyUSB0: [Errno 2] No such file or directory: '/dev/ttyUSB0'
2026-01-18 12:46:41,227 - ERROR - 串口错误: 无法获取串口连接
2026-01-18 12:46:42,153 - INFO - 开始执行测试流程
2026-01-18 12:46:42,153 - INFO - 尝试连接串口 /dev/ttyUSB0
2026-01-18 12:46:42,153 - ERROR - 无法连接串口: [Errno 2] could not open port /dev/ttyUSB0: [Errno 2] No such file or directory: '/dev/ttyUSB0'
2026-01-18 12:46:42,153 - ERROR - 串口错误: 无法获取串口连接
2026-01-18 12:46:42,928 - INFO - 开始执行测试流程
2026-01-18 12:46:42,928 - INFO - 尝试连接串口 /dev/ttyUSB0
2026-01-18 12:46:42,928 - ERROR - 无法连接串口: [Errno 2] could not open port /dev/ttyUSB0: [Errno 2] No such file or directory: '/dev/ttyUSB0'
2026-01-18 12:46:42,928 - ERROR - 串口错误: 无法获取串口连接
2026-01-18 12:46:43,598 - INFO - 开始执行测试流程
2026-01-18 12:46:43,598 - INFO - 尝试连接串口 /dev/ttyUSB0
2026-01-18 12:46:43,598 - ERROR - 无法连接串口: [Errno 2] could not open port /dev/ttyUSB0: [Errno 2] No such file or directory: '/dev/ttyUSB0'
2026-01-18 12:46:43,598 - ERROR - 串口错误: 无法获取串口连接
2026-01-18 12:46:44,088 - INFO - 开始执行测试流程
2026-01-18 12:46:44,088 - INFO - 尝试连接串口 /dev/ttyUSB0
2026-01-18 12:46:44,089 - ERROR - 无法连接串口: [Errno 2] could not open port /dev/ttyUSB0: [Errno 2] No such file or directory: '/dev/ttyUSB0'
2026-01-18 12:46:44,089 - ERROR - 串口错误: 无法获取串口连接
2026-01-18 12:46:44,692 - INFO - 开始执行测试流程
2026-01-18 12:46:44,692 - INFO - 尝试连接串口 /dev/ttyUSB0
2026-01-18 12:46:44,693 - ERROR - 无法连接串口: [Errno 2] could not open port /dev/ttyUSB0: [Errno 2] No such file or directory: '/dev/ttyUSB0'
2026-01-18 12:46:44,693 - ERROR - 串口错误: 无法获取串口连接
2026-01-18 12:46:45,240 - INFO - 开始执行测试流程
2026-01-18 12:46:45,240 - INFO - 尝试连接串口 /dev/ttyUSB0
2026-01-18 12:46:45,240 - ERROR - 无法连接串口: [Errno 2] could not open port /dev/ttyUSB0: [Errno 2] No such file or directory: '/dev/ttyUSB0'
2026-01-18 12:46:45,241 - ERROR - 串口错误: 无法获取串口连接
2026-01-18 12:50:44,488 - INFO - 开始执行测试流程
2026-01-18 12:50:44,488 - INFO - 尝试连接串口 /dev/ttyUSB0
2026-01-18 12:50:44,489 - ERROR - 无法连接串口: [Errno 2] could not open port /dev/ttyUSB0: [Errno 2] No such file or directory: '/dev/ttyUSB0'
2026-01-18 12:50:44,489 - ERROR - 串口错误: 无法获取串口连接
2026-01-18 12:54:01,214 - INFO - 开始执行测试流程
2026-01-18 12:54:01,215 - INFO - 尝试连接串口 /dev/ttyUSB0
2026-01-18 12:54:01,215 - ERROR - 无法连接串口: [Errno 2] could not open port /dev/ttyUSB0: [Errno 2] No such file or directory: '/dev/ttyUSB0'
2026-01-18 12:54:01,216 - ERROR - 串口错误: 无法获取串口连接
2026-01-18 12:54:03,706 - ERROR - 无法连接串口: [Errno 2] could not open port /dev/ttyUSB0: [Errno 2] No such file or directory: '/dev/ttyUSB0'
2026-01-18 12:54:04,414 - ERROR - 无法连接串口: [Errno 2] could not open port /dev/ttyUSB0: [Errno 2] No such file or directory: '/dev/ttyUSB0'
2026-01-18 12:54:04,916 - ERROR - 无法连接串口: [Errno 2] could not open port /dev/ttyUSB0: [Errno 2] No such file or directory: '/dev/ttyUSB0'
2026-01-18 12:54:05,442 - ERROR - 无法连接串口: [Errno 2] could not open port /dev/ttyUSB0: [Errno 2] No such file or directory: '/dev/ttyUSB0'
2026-01-18 12:54:06,074 - ERROR - 无法连接串口: [Errno 2] could not open port /dev/ttyUSB0: [Errno 2] No such file or directory: '/dev/ttyUSB0'
2026-01-18 12:54:06,788 - ERROR - 无法连接串口: [Errno 2] could not open port /dev/ttyUSB0: [Errno 2] No such file or directory: '/dev/ttyUSB0'
2026-01-18 12:54:07,213 - ERROR - 无法连接串口: [Errno 2] could not open port /dev/ttyUSB0: [Errno 2] No such file or directory: '/dev/ttyUSB0'
2026-01-18 12:54:08,312 - ERROR - 无法连接串口: [Errno 2] could not open port /dev/ttyUSB0: [Errno 2] No such file or directory: '/dev/ttyUSB0'
2026-01-18 12:54:08,664 - ERROR - 无法连接串口: [Errno 2] could not open port /dev/ttyUSB0: [Errno 2] No such file or directory: '/dev/ttyUSB0'
2026-01-18 12:54:09,020 - ERROR - 无法连接串口: [Errno 2] could not open port /dev/ttyUSB0: [Errno 2] No such file or directory: '/dev/ttyUSB0'
2026-01-18 12:54:09,401 - ERROR - 无法连接串口: [Errno 2] could not open port /dev/ttyUSB0: [Errno 2] No such file or directory: '/dev/ttyUSB0'
2026-01-18 12:54:26,738 - ERROR - 无法连接串口: [Errno 2] could not open port /dev/ttyUSB0: [Errno 2] No such file or directory: '/dev/ttyUSB0'
2026-01-18 12:54:27,128 - ERROR - 无法连接串口: [Errno 2] could not open port /dev/ttyUSB0: [Errno 2] No such file or directory: '/dev/ttyUSB0'
2026-01-18 12:54:27,532 - ERROR - 无法连接串口: [Errno 2] could not open port /dev/ttyUSB0: [Errno 2] No such file or directory: '/dev/ttyUSB0'
2026-01-18 12:54:27,836 - ERROR - 无法连接串口: [Errno 2] could not open port /dev/ttyUSB0: [Errno 2] No such file or directory: '/dev/ttyUSB0'
2026-01-18 12:54:30,127 - INFO - 开始执行测试流程
2026-01-18 12:54:30,128 - INFO - 尝试连接串口 /dev/ttyUSB0
2026-01-18 12:54:30,128 - ERROR - 无法连接串口: [Errno 2] could not open port /dev/ttyUSB0: [Errno 2] No such file or directory: '/dev/ttyUSB0'
2026-01-18 12:54:30,128 - ERROR - 串口错误: 无法获取串口连接
2026-01-18 12:54:31,831 - INFO - 开始执行测试流程
2026-01-18 12:54:31,832 - INFO - 尝试连接串口 /dev/ttyUSB0
2026-01-18 12:54:31,832 - ERROR - 无法连接串口: [Errno 2] could not open port /dev/ttyUSB0: [Errno 2] No such file or directory: '/dev/ttyUSB0'
2026-01-18 12:54:31,832 - ERROR - 串口错误: 无法获取串口连接
2026-01-18 12:54:32,019 - INFO - 开始执行测试流程
2026-01-18 12:54:32,020 - INFO - 尝试连接串口 /dev/ttyUSB0
2026-01-18 12:54:32,020 - ERROR - 无法连接串口: [Errno 2] could not open port /dev/ttyUSB0: [Errno 2] No such file or directory: '/dev/ttyUSB0'
2026-01-18 12:54:32,020 - ERROR - 串口错误: 无法获取串口连接
2026-01-18 12:55:14,295 - INFO - 开始执行测试流程
2026-01-18 12:55:14,296 - INFO - 尝试连接串口 /dev/ttyUSB0
2026-01-18 12:55:14,296 - ERROR - 无法连接串口: [Errno 2] could not open port /dev/ttyUSB0: [Errno 2] No such file or directory: '/dev/ttyUSB0'
2026-01-18 12:55:14,296 - ERROR - 串口错误: 无法获取串口连接
2026-01-18 13:04:30,815 - INFO - 开始执行测试流程
2026-01-18 13:04:30,815 - INFO - 尝试连接串口 /dev/ttyUSB0
2026-01-18 13:04:30,815 - ERROR - 无法连接串口: [Errno 2] could not open port /dev/ttyUSB0: [Errno 2] No such file or directory: '/dev/ttyUSB0'
2026-01-18 13:04:30,815 - ERROR - 串口错误: 无法获取串口连接
2026-01-18 13:04:31,713 - INFO - 开始执行测试流程
2026-01-18 13:04:31,713 - INFO - 尝试连接串口 /dev/ttyUSB0
2026-01-18 13:04:31,713 - ERROR - 无法连接串口: [Errno 2] could not open port /dev/ttyUSB0: [Errno 2] No such file or directory: '/dev/ttyUSB0'
2026-01-18 13:04:31,713 - ERROR - 串口错误: 无法获取串口连接
2026-01-18 13:04:37,747 - ERROR - 无法连接串口: [Errno 2] could not open port /dev/ttyUSB0: [Errno 2] No such file or directory: '/dev/ttyUSB0'
2026-01-18 13:04:38,524 - ERROR - 无法连接串口: [Errno 2] could not open port /dev/ttyUSB0: [Errno 2] No such file or directory: '/dev/ttyUSB0'
2026-01-18 13:04:39,759 - ERROR - 无法连接串口: [Errno 2] could not open port /dev/ttyUSB0: [Errno 2] No such file or directory: '/dev/ttyUSB0'
2026-01-18 13:04:40,771 - ERROR - 无法连接串口: [Errno 2] could not open port /dev/ttyUSB0: [Errno 2] No such file or directory: '/dev/ttyUSB0'
2026-01-18 13:04:41,895 - ERROR - 无法连接串口: [Errno 2] could not open port /dev/ttyUSB0: [Errno 2] No such file or directory: '/dev/ttyUSB0'
2026-01-18 13:04:42,327 - ERROR - 无法连接串口: [Errno 2] could not open port /dev/ttyUSB0: [Errno 2] No such file or directory: '/dev/ttyUSB0'
2026-01-18 13:04:42,735 - ERROR - 无法连接串口: [Errno 2] could not open port /dev/ttyUSB0: [Errno 2] No such file or directory: '/dev/ttyUSB0'
2026-01-18 13:04:43,255 - ERROR - 无法连接串口: [Errno 2] could not open port /dev/ttyUSB0: [Errno 2] No such file or directory: '/dev/ttyUSB0'
2026-01-18 13:04:44,520 - ERROR - 无法连接串口: [Errno 2] could not open port /dev/ttyUSB0: [Errno 2] No such file or directory: '/dev/ttyUSB0'
2026-01-18 13:19:50,407 - INFO - 开始执行测试流程
2026-01-18 13:19:50,407 - INFO - 尝试连接串口 /dev/ttyUSB0
2026-01-18 13:19:50,407 - ERROR - 无法连接串口: [Errno 2] could not open port /dev/ttyUSB0: [Errno 2] No such file or directory: '/dev/ttyUSB0'
2026-01-18 13:19:50,407 - ERROR - 串口错误: 无法获取串口连接
2026-01-18 13:20:17,354 - ERROR - 无法连接串口: [Errno 2] could not open port /dev/ttyUSB0: [Errno 2] No such file or directory: '/dev/ttyUSB0'
2026-01-18 13:20:17,762 - ERROR - 无法连接串口: [Errno 2] could not open port /dev/ttyUSB0: [Errno 2] No such file or directory: '/dev/ttyUSB0'
2026-01-18 13:20:18,139 - ERROR - 无法连接串口: [Errno 2] could not open port /dev/ttyUSB0: [Errno 2] No such file or directory: '/dev/ttyUSB0'
2026-01-18 13:33:18,484 - ERROR - TCP/IP连接失败: [Errno 61] Connection refused
2026-01-18 13:33:19,486 - ERROR - 无法连接第二个串口: [Errno 2] could not open port /dev/ttyUSB1: [Errno 2] No such file or directory: '/dev/ttyUSB1'
2026-01-18 13:33:20,857 - INFO - 开始执行测试流程
2026-01-18 13:33:20,858 - INFO - 尝试连接串口 /dev/ttyUSB0
2026-01-18 13:33:20,858 - ERROR - 无法连接串口: [Errno 2] could not open port /dev/ttyUSB0: [Errno 2] No such file or directory: '/dev/ttyUSB0'
2026-01-18 13:33:20,858 - ERROR - 串口错误: 无法获取串口连接
2026-01-18 13:33:24,486 - ERROR - 无法连接第二个串口: [Errno 2] could not open port /dev/ttyUSB1: [Errno 2] No such file or directory: '/dev/ttyUSB1'
2026-01-18 13:33:25,917 - ERROR - 无法连接串口: [Errno 2] could not open port /dev/ttyUSB0: [Errno 2] No such file or directory: '/dev/ttyUSB0'
2026-01-18 13:33:26,310 - ERROR - 无法连接串口: [Errno 2] could not open port /dev/ttyUSB0: [Errno 2] No such file or directory: '/dev/ttyUSB0'
2026-01-18 13:33:26,688 - ERROR - 无法连接串口: [Errno 2] could not open port /dev/ttyUSB0: [Errno 2] No such file or directory: '/dev/ttyUSB0'
2026-01-18 13:33:27,012 - ERROR - 无法连接串口: [Errno 2] could not open port /dev/ttyUSB0: [Errno 2] No such file or directory: '/dev/ttyUSB0'
2026-01-18 13:33:27,317 - ERROR - 无法连接串口: [Errno 2] could not open port /dev/ttyUSB0: [Errno 2] No such file or directory: '/dev/ttyUSB0'
2026-01-18 13:33:27,656 - ERROR - 无法连接串口: [Errno 2] could not open port /dev/ttyUSB0: [Errno 2] No such file or directory: '/dev/ttyUSB0'
2026-01-18 13:33:28,089 - ERROR - 无法连接串口: [Errno 2] could not open port /dev/ttyUSB0: [Errno 2] No such file or directory: '/dev/ttyUSB0'
2026-01-18 13:33:28,714 - ERROR - 无法连接串口: [Errno 2] could not open port /dev/ttyUSB0: [Errno 2] No such file or directory: '/dev/ttyUSB0'
2026-01-18 13:33:29,521 - ERROR - 无法连接第二个串口: [Errno 2] could not open port /dev/ttyUSB1: [Errno 2] No such file or directory: '/dev/ttyUSB1'
2026-01-18 13:33:39,068 - ERROR - 无法连接第二个串口: [Errno 2] could not open port /dev/ttyUSB1: [Errno 2] No such file or directory: '/dev/ttyUSB1'
2026-01-18 13:33:44,070 - ERROR - 无法连接第二个串口: [Errno 2] could not open port /dev/ttyUSB1: [Errno 2] No such file or directory: '/dev/ttyUSB1'
2026-01-18 13:33:49,071 - ERROR - 无法连接第二个串口: [Errno 2] could not open port /dev/ttyUSB1: [Errno 2] No such file or directory: '/dev/ttyUSB1'
2026-01-18 13:33:54,073 - ERROR - 无法连接第二个串口: [Errno 2] could not open port /dev/ttyUSB1: [Errno 2] No such file or directory: '/dev/ttyUSB1'
2026-01-18 13:33:59,074 - ERROR - 无法连接第二个串口: [Errno 2] could not open port /dev/ttyUSB1: [Errno 2] No such file or directory: '/dev/ttyUSB1'
2026-01-18 13:34:04,076 - ERROR - 无法连接第二个串口: [Errno 2] could not open port /dev/ttyUSB1: [Errno 2] No such file or directory: '/dev/ttyUSB1'
2026-01-18 13:34:09,076 - ERROR - 无法连接第二个串口: [Errno 2] could not open port /dev/ttyUSB1: [Errno 2] No such file or directory: '/dev/ttyUSB1'
2026-01-18 13:34:14,077 - ERROR - 无法连接第二个串口: [Errno 2] could not open port /dev/ttyUSB1: [Errno 2] No such file or directory: '/dev/ttyUSB1'
2026-01-18 13:34:19,079 - ERROR - 无法连接第二个串口: [Errno 2] could not open port /dev/ttyUSB1: [Errno 2] No such file or directory: '/dev/ttyUSB1'
2026-01-18 13:34:24,080 - ERROR - 无法连接第二个串口: [Errno 2] could not open port /dev/ttyUSB1: [Errno 2] No such file or directory: '/dev/ttyUSB1'
2026-01-18 13:34:29,081 - ERROR - 无法连接第二个串口: [Errno 2] could not open port /dev/ttyUSB1: [Errno 2] No such file or directory: '/dev/ttyUSB1'
2026-01-18 13:34:34,083 - ERROR - 无法连接第二个串口: [Errno 2] could not open port /dev/ttyUSB1: [Errno 2] No such file or directory: '/dev/ttyUSB1'
2026-01-18 13:34:39,085 - ERROR - 无法连接第二个串口: [Errno 2] could not open port /dev/ttyUSB1: [Errno 2] No such file or directory: '/dev/ttyUSB1'
2026-01-18 13:34:44,086 - ERROR - 无法连接第二个串口: [Errno 2] could not open port /dev/ttyUSB1: [Errno 2] No such file or directory: '/dev/ttyUSB1'
2026-01-18 13:34:49,087 - ERROR - 无法连接第二个串口: [Errno 2] could not open port /dev/ttyUSB1: [Errno 2] No such file or directory: '/dev/ttyUSB1'
2026-01-18 13:34:54,089 - ERROR - 无法连接第二个串口: [Errno 2] could not open port /dev/ttyUSB1: [Errno 2] No such file or directory: '/dev/ttyUSB1'
2026-01-18 13:34:59,090 - ERROR - 无法连接第二个串口: [Errno 2] could not open port /dev/ttyUSB1: [Errno 2] No such file or directory: '/dev/ttyUSB1'
2026-01-18 13:35:04,092 - ERROR - 无法连接第二个串口: [Errno 2] could not open port /dev/ttyUSB1: [Errno 2] No such file or directory: '/dev/ttyUSB1'
2026-01-18 13:35:09,092 - ERROR - 无法连接第二个串口: [Errno 2] could not open port /dev/ttyUSB1: [Errno 2] No such file or directory: '/dev/ttyUSB1'
2026-01-18 13:35:14,094 - ERROR - 无法连接第二个串口: [Errno 2] could not open port /dev/ttyUSB1: [Errno 2] No such file or directory: '/dev/ttyUSB1'
2026-01-18 13:35:19,096 - ERROR - 无法连接第二个串口: [Errno 2] could not open port /dev/ttyUSB1: [Errno 2] No such file or directory: '/dev/ttyUSB1'
2026-01-18 13:35:24,097 - ERROR - 无法连接第二个串口: [Errno 2] could not open port /dev/ttyUSB1: [Errno 2] No such file or directory: '/dev/ttyUSB1'
2026-01-18 13:35:29,099 - ERROR - 无法连接第二个串口: [Errno 2] could not open port /dev/ttyUSB1: [Errno 2] No such file or directory: '/dev/ttyUSB1'
2026-01-18 13:35:34,100 - ERROR - 无法连接第二个串口: [Errno 2] could not open port /dev/ttyUSB1: [Errno 2] No such file or directory: '/dev/ttyUSB1'
2026-01-18 13:35:39,102 - ERROR - 无法连接第二个串口: [Errno 2] could not open port /dev/ttyUSB1: [Errno 2] No such file or directory: '/dev/ttyUSB1'
2026-01-18 13:35:44,103 - ERROR - 无法连接第二个串口: [Errno 2] could not open port /dev/ttyUSB1: [Errno 2] No such file or directory: '/dev/ttyUSB1'
2026-01-18 13:35:49,105 - ERROR - 无法连接第二个串口: [Errno 2] could not open port /dev/ttyUSB1: [Errno 2] No such file or directory: '/dev/ttyUSB1'
2026-01-18 13:35:54,107 - ERROR - 无法连接第二个串口: [Errno 2] could not open port /dev/ttyUSB1: [Errno 2] No such file or directory: '/dev/ttyUSB1'
2026-01-18 13:35:59,107 - ERROR - 无法连接第二个串口: [Errno 2] could not open port /dev/ttyUSB1: [Errno 2] No such file or directory: '/dev/ttyUSB1'
2026-01-18 13:36:04,109 - ERROR - 无法连接第二个串口: [Errno 2] could not open port /dev/ttyUSB1: [Errno 2] No such file or directory: '/dev/ttyUSB1'
2026-01-18 13:36:09,111 - ERROR - 无法连接第二个串口: [Errno 2] could not open port /dev/ttyUSB1: [Errno 2] No such file or directory: '/dev/ttyUSB1'
2026-01-18 13:36:14,113 - ERROR - 无法连接第二个串口: [Errno 2] could not open port /dev/ttyUSB1: [Errno 2] No such file or directory: '/dev/ttyUSB1'
2026-01-18 13:36:19,114 - ERROR - 无法连接第二个串口: [Errno 2] could not open port /dev/ttyUSB1: [Errno 2] No such file or directory: '/dev/ttyUSB1'
2026-01-18 13:36:24,116 - ERROR - 无法连接第二个串口: [Errno 2] could not open port /dev/ttyUSB1: [Errno 2] No such file or directory: '/dev/ttyUSB1'
2026-01-18 13:36:29,117 - ERROR - 无法连接第二个串口: [Errno 2] could not open port /dev/ttyUSB1: [Errno 2] No such file or directory: '/dev/ttyUSB1'
2026-01-18 13:36:34,118 - ERROR - 无法连接第二个串口: [Errno 2] could not open port /dev/ttyUSB1: [Errno 2] No such file or directory: '/dev/ttyUSB1'
2026-01-18 13:36:39,119 - ERROR - 无法连接第二个串口: [Errno 2] could not open port /dev/ttyUSB1: [Errno 2] No such file or directory: '/dev/ttyUSB1'
2026-01-18 13:36:44,121 - ERROR - 无法连接第二个串口: [Errno 2] could not open port /dev/ttyUSB1: [Errno 2] No such file or directory: '/dev/ttyUSB1'
2026-01-18 13:36:49,122 - ERROR - 无法连接第二个串口: [Errno 2] could not open port /dev/ttyUSB1: [Errno 2] No such file or directory: '/dev/ttyUSB1'
2026-01-18 13:36:54,124 - ERROR - 无法连接第二个串口: [Errno 2] could not open port /dev/ttyUSB1: [Errno 2] No such file or directory: '/dev/ttyUSB1'
2026-01-18 13:36:59,126 - ERROR - 无法连接第二个串口: [Errno 2] could not open port /dev/ttyUSB1: [Errno 2] No such file or directory: '/dev/ttyUSB1'
2026-01-18 13:37:04,127 - ERROR - 无法连接第二个串口: [Errno 2] could not open port /dev/ttyUSB1: [Errno 2] No such file or directory: '/dev/ttyUSB1'
2026-01-18 13:37:09,129 - ERROR - 无法连接第二个串口: [Errno 2] could not open port /dev/ttyUSB1: [Errno 2] No such file or directory: '/dev/ttyUSB1'
2026-01-18 13:37:14,130 - ERROR - 无法连接第二个串口: [Errno 2] could not open port /dev/ttyUSB1: [Errno 2] No such file or directory: '/dev/ttyUSB1'
2026-01-18 13:37:19,132 - ERROR - 无法连接第二个串口: [Errno 2] could not open port /dev/ttyUSB1: [Errno 2] No such file or directory: '/dev/ttyUSB1'
2026-01-18 13:37:24,133 - ERROR - 无法连接第二个串口: [Errno 2] could not open port /dev/ttyUSB1: [Errno 2] No such file or directory: '/dev/ttyUSB1'
2026-01-18 13:37:29,135 - ERROR - 无法连接第二个串口: [Errno 2] could not open port /dev/ttyUSB1: [Errno 2] No such file or directory: '/dev/ttyUSB1'
2026-01-18 13:37:34,136 - ERROR - 无法连接第二个串口: [Errno 2] could not open port /dev/ttyUSB1: [Errno 2] No such file or directory: '/dev/ttyUSB1'
2026-01-18 13:37:39,138 - ERROR - 无法连接第二个串口: [Errno 2] could not open port /dev/ttyUSB1: [Errno 2] No such file or directory: '/dev/ttyUSB1'
2026-01-18 13:37:44,139 - ERROR - 无法连接第二个串口: [Errno 2] could not open port /dev/ttyUSB1: [Errno 2] No such file or directory: '/dev/ttyUSB1'
2026-01-18 13:37:49,141 - ERROR - 无法连接第二个串口: [Errno 2] could not open port /dev/ttyUSB1: [Errno 2] No such file or directory: '/dev/ttyUSB1'
2026-01-18 13:37:54,143 - ERROR - 无法连接第二个串口: [Errno 2] could not open port /dev/ttyUSB1: [Errno 2] No such file or directory: '/dev/ttyUSB1'
2026-01-18 13:37:59,144 - ERROR - 无法连接第二个串口: [Errno 2] could not open port /dev/ttyUSB1: [Errno 2] No such file or directory: '/dev/ttyUSB1'
2026-01-18 13:38:04,145 - ERROR - 无法连接第二个串口: [Errno 2] could not open port /dev/ttyUSB1: [Errno 2] No such file or directory: '/dev/ttyUSB1'
2026-01-18 13:38:09,146 - ERROR - 无法连接第二个串口: [Errno 2] could not open port /dev/ttyUSB1: [Errno 2] No such file or directory: '/dev/ttyUSB1'
2026-01-18 13:38:14,148 - ERROR - 无法连接第二个串口: [Errno 2] could not open port /dev/ttyUSB1: [Errno 2] No such file or directory: '/dev/ttyUSB1'
2026-01-18 13:38:19,149 - ERROR - 无法连接第二个串口: [Errno 2] could not open port /dev/ttyUSB1: [Errno 2] No such file or directory: '/dev/ttyUSB1'
2026-01-18 13:38:24,151 - ERROR - 无法连接第二个串口: [Errno 2] could not open port /dev/ttyUSB1: [Errno 2] No such file or directory: '/dev/ttyUSB1'
2026-01-18 13:38:29,152 - ERROR - 无法连接第二个串口: [Errno 2] could not open port /dev/ttyUSB1: [Errno 2] No such file or directory: '/dev/ttyUSB1'
2026-01-18 13:38:34,153 - ERROR - 无法连接第二个串口: [Errno 2] could not open port /dev/ttyUSB1: [Errno 2] No such file or directory: '/dev/ttyUSB1'
2026-01-18 13:38:39,154 - ERROR - 无法连接第二个串口: [Errno 2] could not open port /dev/ttyUSB1: [Errno 2] No such file or directory: '/dev/ttyUSB1'
2026-01-18 13:38:44,156 - ERROR - 无法连接第二个串口: [Errno 2] could not open port /dev/ttyUSB1: [Errno 2] No such file or directory: '/dev/ttyUSB1'
2026-01-18 13:38:49,158 - ERROR - 无法连接第二个串口: [Errno 2] could not open port /dev/ttyUSB1: [Errno 2] No such file or directory: '/dev/ttyUSB1'
2026-01-18 13:38:54,159 - ERROR - 无法连接第二个串口: [Errno 2] could not open port /dev/ttyUSB1: [Errno 2] No such file or directory: '/dev/ttyUSB1'
2026-01-18 13:38:59,161 - ERROR - 无法连接第二个串口: [Errno 2] could not open port /dev/ttyUSB1: [Errno 2] No such file or directory: '/dev/ttyUSB1'
2026-01-18 13:39:04,162 - ERROR - 无法连接第二个串口: [Errno 2] could not open port /dev/ttyUSB1: [Errno 2] No such file or directory: '/dev/ttyUSB1'
2026-01-18 13:39:09,164 - ERROR - 无法连接第二个串口: [Errno 2] could not open port /dev/ttyUSB1: [Errno 2] No such file or directory: '/dev/ttyUSB1'
2026-01-18 13:39:14,165 - ERROR - 无法连接第二个串口: [Errno 2] could not open port /dev/ttyUSB1: [Errno 2] No such file or directory: '/dev/ttyUSB1'
2026-01-18 13:39:19,167 - ERROR - 无法连接第二个串口: [Errno 2] could not open port /dev/ttyUSB1: [Errno 2] No such file or directory: '/dev/ttyUSB1'
2026-01-18 13:39:24,168 - ERROR - 无法连接第二个串口: [Errno 2] could not open port /dev/ttyUSB1: [Errno 2] No such file or directory: '/dev/ttyUSB1'
2026-01-18 13:39:29,169 - ERROR - 无法连接第二个串口: [Errno 2] could not open port /dev/ttyUSB1: [Errno 2] No such file or directory: '/dev/ttyUSB1'
2026-01-18 13:39:34,170 - ERROR - 无法连接第二个串口: [Errno 2] could not open port /dev/ttyUSB1: [Errno 2] No such file or directory: '/dev/ttyUSB1'
2026-01-18 13:39:39,171 - ERROR - 无法连接第二个串口: [Errno 2] could not open port /dev/ttyUSB1: [Errno 2] No such file or directory: '/dev/ttyUSB1'
2026-01-18 13:39:44,172 - ERROR - 无法连接第二个串口: [Errno 2] could not open port /dev/ttyUSB1: [Errno 2] No such file or directory: '/dev/ttyUSB1'
2026-01-18 13:39:49,174 - ERROR - 无法连接第二个串口: [Errno 2] could not open port /dev/ttyUSB1: [Errno 2] No such file or directory: '/dev/ttyUSB1'
2026-01-18 13:39:54,176 - ERROR - 无法连接第二个串口: [Errno 2] could not open port /dev/ttyUSB1: [Errno 2] No such file or directory: '/dev/ttyUSB1'
2026-01-18 13:39:59,177 - ERROR - 无法连接第二个串口: [Errno 2] could not open port /dev/ttyUSB1: [Errno 2] No such file or directory: '/dev/ttyUSB1'
2026-01-18 13:40:04,179 - ERROR - 无法连接第二个串口: [Errno 2] could not open port /dev/ttyUSB1: [Errno 2] No such file or directory: '/dev/ttyUSB1'
2026-01-18 13:40:09,179 - ERROR - 无法连接第二个串口: [Errno 2] could not open port /dev/ttyUSB1: [Errno 2] No such file or directory: '/dev/ttyUSB1'
2026-01-18 13:40:14,180 - ERROR - 无法连接第二个串口: [Errno 2] could not open port /dev/ttyUSB1: [Errno 2] No such file or directory: '/dev/ttyUSB1'
2026-01-18 13:40:19,181 - ERROR - 无法连接第二个串口: [Errno 2] could not open port /dev/ttyUSB1: [Errno 2] No such file or directory: '/dev/ttyUSB1'
2026-01-18 13:44:21,335 - ERROR - TCP/IP连接失败: [Errno 61] Connection refused
2026-01-18 13:44:22,336 - ERROR - 无法连接第二个串口: [Errno 2] could not open port /dev/ttyUSB1: [Errno 2] No such file or directory: '/dev/ttyUSB1'
2026-01-18 13:44:27,337 - ERROR - 无法连接第二个串口: [Errno 2] could not open port /dev/ttyUSB1: [Errno 2] No such file or directory: '/dev/ttyUSB1'
2026-01-18 13:44:27,776 - INFO - 开始执行测试流程
2026-01-18 13:44:27,777 - INFO - 尝试连接串口 /dev/ttyUSB0
2026-01-18 13:44:27,777 - ERROR - 无法连接串口: [Errno 2] could not open port /dev/ttyUSB0: [Errno 2] No such file or directory: '/dev/ttyUSB0'
2026-01-18 13:44:27,777 - ERROR - 串口错误: 无法获取串口连接
2026-01-18 13:44:32,339 - ERROR - 无法连接第二个串口: [Errno 2] could not open port /dev/ttyUSB1: [Errno 2] No such file or directory: '/dev/ttyUSB1'
2026-01-18 13:44:32,575 - ERROR - 无法连接串口: [Errno 2] could not open port /dev/ttyUSB0: [Errno 2] No such file or directory: '/dev/ttyUSB0'
2026-01-18 13:44:33,191 - ERROR - 无法连接串口: [Errno 2] could not open port /dev/ttyUSB0: [Errno 2] No such file or directory: '/dev/ttyUSB0'
2026-01-18 13:44:33,724 - ERROR - 无法连接串口: [Errno 2] could not open port /dev/ttyUSB0: [Errno 2] No such file or directory: '/dev/ttyUSB0'
2026-01-18 13:44:34,274 - ERROR - 无法连接串口: [Errno 2] could not open port /dev/ttyUSB0: [Errno 2] No such file or directory: '/dev/ttyUSB0'
2026-01-18 13:44:35,359 - ERROR - 无法连接串口: [Errno 2] could not open port /dev/ttyUSB0: [Errno 2] No such file or directory: '/dev/ttyUSB0'
2026-01-18 13:44:35,876 - ERROR - 无法连接串口: [Errno 2] could not open port /dev/ttyUSB0: [Errno 2] No such file or directory: '/dev/ttyUSB0'
2026-01-18 13:44:36,475 - ERROR - 无法连接串口: [Errno 2] could not open port /dev/ttyUSB0: [Errno 2] No such file or directory: '/dev/ttyUSB0'
2026-01-18 13:44:37,141 - ERROR - 无法连接串口: [Errno 2] could not open port /dev/ttyUSB0: [Errno 2] No such file or directory: '/dev/ttyUSB0'
2026-01-18 13:44:37,341 - ERROR - 无法连接第二个串口: [Errno 2] could not open port /dev/ttyUSB1: [Errno 2] No such file or directory: '/dev/ttyUSB1'
2026-01-18 13:44:46,645 - ERROR - 无法连接第二个串口: [Errno 2] could not open port /dev/ttyUSB1: [Errno 2] No such file or directory: '/dev/ttyUSB1'
2026-01-18 13:44:51,647 - ERROR - 无法连接第二个串口: [Errno 2] could not open port /dev/ttyUSB1: [Errno 2] No such file or directory: '/dev/ttyUSB1'
2026-01-18 13:44:56,648 - ERROR - 无法连接第二个串口: [Errno 2] could not open port /dev/ttyUSB1: [Errno 2] No such file or directory: '/dev/ttyUSB1'
2026-01-18 13:45:01,649 - ERROR - 无法连接第二个串口: [Errno 2] could not open port /dev/ttyUSB1: [Errno 2] No such file or directory: '/dev/ttyUSB1'
2026-01-18 13:45:06,651 - ERROR - 无法连接第二个串口: [Errno 2] could not open port /dev/ttyUSB1: [Errno 2] No such file or directory: '/dev/ttyUSB1'
2026-01-18 13:45:11,653 - ERROR - 无法连接第二个串口: [Errno 2] could not open port /dev/ttyUSB1: [Errno 2] No such file or directory: '/dev/ttyUSB1'
2026-01-19 08:28:28,424 - ERROR - TCP/IP连接失败: [Errno 61] Connection refused
2026-01-19 08:28:29,426 - ERROR - 无法连接第二个串口: [Errno 2] could not open port /dev/ttyUSB1: [Errno 2] No such file or directory: '/dev/ttyUSB1'
2026-01-19 08:28:34,428 - ERROR - 无法连接第二个串口: [Errno 2] could not open port /dev/ttyUSB1: [Errno 2] No such file or directory: '/dev/ttyUSB1'
2026-01-19 08:28:35,547 - INFO - 开始执行测试流程
2026-01-19 08:28:35,548 - INFO - 尝试连接串口 /dev/ttyUSB0
2026-01-19 08:28:35,548 - ERROR - 无法连接串口: [Errno 2] could not open port /dev/ttyUSB0: [Errno 2] No such file or directory: '/dev/ttyUSB0'
2026-01-19 08:28:35,548 - ERROR - 串口错误: 无法获取串口连接
2026-01-19 08:28:39,430 - ERROR - 无法连接第二个串口: [Errno 2] could not open port /dev/ttyUSB1: [Errno 2] No such file or directory: '/dev/ttyUSB1'
2026-01-19 08:28:44,432 - ERROR - 无法连接第二个串口: [Errno 2] could not open port /dev/ttyUSB1: [Errno 2] No such file or directory: '/dev/ttyUSB1'
2026-01-19 08:28:49,433 - ERROR - 无法连接第二个串口: [Errno 2] could not open port /dev/ttyUSB1: [Errno 2] No such file or directory: '/dev/ttyUSB1'
2026-01-19 08:28:52,569 - INFO - 开始执行测试流程
2026-01-19 08:28:52,569 - INFO - 尝试连接串口 /dev/ttyUSB0
2026-01-19 08:28:52,569 - ERROR - 无法连接串口: [Errno 2] could not open port /dev/ttyUSB0: [Errno 2] No such file or directory: '/dev/ttyUSB0'
2026-01-19 08:28:52,569 - ERROR - 串口错误: 无法获取串口连接
2026-01-19 08:28:53,128 - INFO - 开始执行测试流程
2026-01-19 08:28:53,128 - INFO - 尝试连接串口 /dev/ttyUSB0
2026-01-19 08:28:53,129 - ERROR - 无法连接串口: [Errno 2] could not open port /dev/ttyUSB0: [Errno 2] No such file or directory: '/dev/ttyUSB0'
2026-01-19 08:28:53,129 - ERROR - 串口错误: 无法获取串口连接
2026-01-19 08:28:53,461 - INFO - 开始执行测试流程
2026-01-19 08:28:53,462 - INFO - 尝试连接串口 /dev/ttyUSB0
2026-01-19 08:28:53,462 - ERROR - 无法连接串口: [Errno 2] could not open port /dev/ttyUSB0: [Errno 2] No such file or directory: '/dev/ttyUSB0'
2026-01-19 08:28:53,462 - ERROR - 串口错误: 无法获取串口连接
2026-01-19 08:28:53,644 - INFO - 开始执行测试流程
2026-01-19 08:28:53,645 - INFO - 尝试连接串口 /dev/ttyUSB0
2026-01-19 08:28:53,645 - ERROR - 无法连接串口: [Errno 2] could not open port /dev/ttyUSB0: [Errno 2] No such file or directory: '/dev/ttyUSB0'
2026-01-19 08:28:53,645 - ERROR - 串口错误: 无法获取串口连接
2026-01-19 08:28:53,795 - INFO - 开始执行测试流程
2026-01-19 08:28:53,796 - INFO - 尝试连接串口 /dev/ttyUSB0
2026-01-19 08:28:53,796 - ERROR - 无法连接串口: [Errno 2] could not open port /dev/ttyUSB0: [Errno 2] No such file or directory: '/dev/ttyUSB0'
2026-01-19 08:28:53,796 - ERROR - 串口错误: 无法获取串口连接
2026-01-19 08:28:53,946 - INFO - 开始执行测试流程
2026-01-19 08:28:53,946 - INFO - 尝试连接串口 /dev/ttyUSB0
2026-01-19 08:28:53,946 - ERROR - 无法连接串口: [Errno 2] could not open port /dev/ttyUSB0: [Errno 2] No such file or directory: '/dev/ttyUSB0'
2026-01-19 08:28:53,946 - ERROR - 串口错误: 无法获取串口连接
2026-01-19 08:28:54,434 - ERROR - 无法连接第二个串口: [Errno 2] could not open port /dev/ttyUSB1: [Errno 2] No such file or directory: '/dev/ttyUSB1'
2026-01-21 18:05:13,889 - ERROR - TCP/IP连接失败: [Errno 61] Connection refused
2026-01-21 18:05:14,891 - ERROR - 无法连接第二个串口: [Errno 2] could not open port /dev/ttyUSB1: [Errno 2] No such file or directory: '/dev/ttyUSB1'
2026-01-21 18:05:19,891 - ERROR - 无法连接第二个串口: [Errno 2] could not open port /dev/ttyUSB1: [Errno 2] No such file or directory: '/dev/ttyUSB1'
2026-01-21 18:05:24,123 - INFO - 开始执行测试流程
2026-01-21 18:05:24,125 - INFO - 尝试连接串口 /dev/ttyUSB0
2026-01-21 18:05:24,125 - ERROR - 无法连接串口: [Errno 2] could not open port /dev/ttyUSB0: [Errno 2] No such file or directory: '/dev/ttyUSB0'
2026-01-21 18:05:24,125 - ERROR - 串口错误: 无法获取串口连接
2026-01-21 18:05:24,892 - ERROR - 无法连接第二个串口: [Errno 2] could not open port /dev/ttyUSB1: [Errno 2] No such file or directory: '/dev/ttyUSB1'
2026-01-21 18:05:29,894 - ERROR - 无法连接第二个串口: [Errno 2] could not open port /dev/ttyUSB1: [Errno 2] No such file or directory: '/dev/ttyUSB1'
2026-01-21 18:05:34,896 - ERROR - 无法连接第二个串口: [Errno 2] could not open port /dev/ttyUSB1: [Errno 2] No such file or directory: '/dev/ttyUSB1'
2026-01-21 18:05:39,897 - ERROR - 无法连接第二个串口: [Errno 2] could not open port /dev/ttyUSB1: [Errno 2] No such file or directory: '/dev/ttyUSB1'
2026-01-21 18:05:44,899 - ERROR - 无法连接第二个串口: [Errno 2] could not open port /dev/ttyUSB1: [Errno 2] No such file or directory: '/dev/ttyUSB1'
2026-01-21 18:05:49,901 - ERROR - 无法连接第二个串口: [Errno 2] could not open port /dev/ttyUSB1: [Errno 2] No such file or directory: '/dev/ttyUSB1'
2026-01-21 18:05:54,903 - ERROR - 无法连接第二个串口: [Errno 2] could not open port /dev/ttyUSB1: [Errno 2] No such file or directory: '/dev/ttyUSB1'
2026-01-21 18:05:59,905 - ERROR - 无法连接第二个串口: [Errno 2] could not open port /dev/ttyUSB1: [Errno 2] No such file or directory: '/dev/ttyUSB1'
2026-01-21 18:06:04,907 - ERROR - 无法连接第二个串口: [Errno 2] could not open port /dev/ttyUSB1: [Errno 2] No such file or directory: '/dev/ttyUSB1'
2026-01-21 18:06:09,909 - ERROR - 无法连接第二个串口: [Errno 2] could not open port /dev/ttyUSB1: [Errno 2] No such file or directory: '/dev/ttyUSB1'
2026-01-21 18:06:14,911 - ERROR - 无法连接第二个串口: [Errno 2] could not open port /dev/ttyUSB1: [Errno 2] No such file or directory: '/dev/ttyUSB1'
2026-01-21 18:06:19,913 - ERROR - 无法连接第二个串口: [Errno 2] could not open port /dev/ttyUSB1: [Errno 2] No such file or directory: '/dev/ttyUSB1'
2026-01-21 18:06:24,915 - ERROR - 无法连接第二个串口: [Errno 2] could not open port /dev/ttyUSB1: [Errno 2] No such file or directory: '/dev/ttyUSB1'
2026-01-21 18:06:29,917 - ERROR - 无法连接第二个串口: [Errno 2] could not open port /dev/ttyUSB1: [Errno 2] No such file or directory: '/dev/ttyUSB1'
2026-01-21 18:06:34,919 - ERROR - 无法连接第二个串口: [Errno 2] could not open port /dev/ttyUSB1: [Errno 2] No such file or directory: '/dev/ttyUSB1'
2026-01-21 18:06:39,921 - ERROR - 无法连接第二个串口: [Errno 2] could not open port /dev/ttyUSB1: [Errno 2] No such file or directory: '/dev/ttyUSB1'
2026-01-21 18:06:44,923 - ERROR - 无法连接第二个串口: [Errno 2] could not open port /dev/ttyUSB1: [Errno 2] No such file or directory: '/dev/ttyUSB1'
2026-01-21 18:06:49,925 - ERROR - 无法连接第二个串口: [Errno 2] could not open port /dev/ttyUSB1: [Errno 2] No such file or directory: '/dev/ttyUSB1'
2026-01-21 18:06:54,927 - ERROR - 无法连接第二个串口: [Errno 2] could not open port /dev/ttyUSB1: [Errno 2] No such file or directory: '/dev/ttyUSB1'
2026-01-21 18:06:59,929 - ERROR - 无法连接第二个串口: [Errno 2] could not open port /dev/ttyUSB1: [Errno 2] No such file or directory: '/dev/ttyUSB1'
2026-01-21 18:07:04,930 - ERROR - 无法连接第二个串口: [Errno 2] could not open port /dev/ttyUSB1: [Errno 2] No such file or directory: '/dev/ttyUSB1'
2026-01-21 18:07:09,932 - ERROR - 无法连接第二个串口: [Errno 2] could not open port /dev/ttyUSB1: [Errno 2] No such file or directory: '/dev/ttyUSB1'
2026-01-21 18:07:14,934 - ERROR - 无法连接第二个串口: [Errno 2] could not open port /dev/ttyUSB1: [Errno 2] No such file or directory: '/dev/ttyUSB1'
2026-01-21 18:07:19,936 - ERROR - 无法连接第二个串口: [Errno 2] could not open port /dev/ttyUSB1: [Errno 2] No such file or directory: '/dev/ttyUSB1'
2026-01-21 18:07:24,938 - ERROR - 无法连接第二个串口: [Errno 2] could not open port /dev/ttyUSB1: [Errno 2] No such file or directory: '/dev/ttyUSB1'
2026-01-21 18:07:29,939 - ERROR - 无法连接第二个串口: [Errno 2] could not open port /dev/ttyUSB1: [Errno 2] No such file or directory: '/dev/ttyUSB1'
2026-01-21 18:07:34,941 - ERROR - 无法连接第二个串口: [Errno 2] could not open port /dev/ttyUSB1: [Errno 2] No such file or directory: '/dev/ttyUSB1'
2026-01-21 18:07:39,943 - ERROR - 无法连接第二个串口: [Errno 2] could not open port /dev/ttyUSB1: [Errno 2] No such file or directory: '/dev/ttyUSB1'
2026-01-21 18:07:44,945 - ERROR - 无法连接第二个串口: [Errno 2] could not open port /dev/ttyUSB1: [Errno 2] No such file or directory: '/dev/ttyUSB1'
2026-01-21 18:07:49,947 - ERROR - 无法连接第二个串口: [Errno 2] could not open port /dev/ttyUSB1: [Errno 2] No such file or directory: '/dev/ttyUSB1'
2026-01-21 18:07:54,949 - ERROR - 无法连接第二个串口: [Errno 2] could not open port /dev/ttyUSB1: [Errno 2] No such file or directory: '/dev/ttyUSB1'
2026-01-21 18:07:59,951 - ERROR - 无法连接第二个串口: [Errno 2] could not open port /dev/ttyUSB1: [Errno 2] No such file or directory: '/dev/ttyUSB1'
2026-01-21 18:08:04,953 - ERROR - 无法连接第二个串口: [Errno 2] could not open port /dev/ttyUSB1: [Errno 2] No such file or directory: '/dev/ttyUSB1'
2026-01-21 18:08:09,955 - ERROR - 无法连接第二个串口: [Errno 2] could not open port /dev/ttyUSB1: [Errno 2] No such file or directory: '/dev/ttyUSB1'
2026-01-21 18:08:14,958 - ERROR - 无法连接第二个串口: [Errno 2] could not open port /dev/ttyUSB1: [Errno 2] No such file or directory: '/dev/ttyUSB1'
2026-01-21 18:10:28,805 - ERROR - 无法连接第二个串口: [Errno 2] could not open port /dev/ttyUSB1: [Errno 2] No such file or directory: '/dev/ttyUSB1'
2026-01-21 18:10:33,820 - ERROR - 无法连接第二个串口: [Errno 2] could not open port /dev/ttyUSB1: [Errno 2] No such file or directory: '/dev/ttyUSB1'
2026-01-21 18:10:38,824 - ERROR - 无法连接第二个串口: [Errno 2] could not open port /dev/ttyUSB1: [Errno 2] No such file or directory: '/dev/ttyUSB1'
2026-01-21 18:27:12,673 - ERROR - 无法连接第二个串口: [Errno 2] could not open port /dev/ttyUSB1: [Errno 2] No such file or directory: '/dev/ttyUSB1'
2026-01-21 18:27:17,681 - ERROR - 无法连接第二个串口: [Errno 2] could not open port /dev/ttyUSB1: [Errno 2] No such file or directory: '/dev/ttyUSB1'
2026-01-21 18:44:21,728 - ERROR - 无法连接第二个串口: [Errno 2] could not open port /dev/ttyUSB1: [Errno 2] No such file or directory: '/dev/ttyUSB1'
2026-01-21 18:44:26,729 - ERROR - 无法连接第二个串口: [Errno 2] could not open port /dev/ttyUSB1: [Errno 2] No such file or directory: '/dev/ttyUSB1'
2026-01-21 19:01:16,666 - ERROR - 无法连接第二个串口: [Errno 2] could not open port /dev/ttyUSB1: [Errno 2] No such file or directory: '/dev/ttyUSB1'
2026-01-21 19:01:21,673 - ERROR - 无法连接第二个串口: [Errno 2] could not open port /dev/ttyUSB1: [Errno 2] No such file or directory: '/dev/ttyUSB1'
2026-01-21 19:16:25,738 - ERROR - 无法连接第二个串口: [Errno 2] could not open port /dev/ttyUSB1: [Errno 2] No such file or directory: '/dev/ttyUSB1'
2026-01-21 19:16:30,741 - ERROR - 无法连接第二个串口: [Errno 2] could not open port /dev/ttyUSB1: [Errno 2] No such file or directory: '/dev/ttyUSB1'
2026-01-21 19:31:41,660 - ERROR - 无法连接第二个串口: [Errno 2] could not open port /dev/ttyUSB1: [Errno 2] No such file or directory: '/dev/ttyUSB1'
2026-01-21 19:31:46,667 - ERROR - 无法连接第二个串口: [Errno 2] could not open port /dev/ttyUSB1: [Errno 2] No such file or directory: '/dev/ttyUSB1'
2026-01-21 19:46:54,699 - ERROR - 无法连接第二个串口: [Errno 2] could not open port /dev/ttyUSB1: [Errno 2] No such file or directory: '/dev/ttyUSB1'
2026-01-21 19:46:59,701 - ERROR - 无法连接第二个串口: [Errno 2] could not open port /dev/ttyUSB1: [Errno 2] No such file or directory: '/dev/ttyUSB1'
2026-01-21 20:03:57,769 - ERROR - 无法连接第二个串口: [Errno 2] could not open port /dev/ttyUSB1: [Errno 2] No such file or directory: '/dev/ttyUSB1'
2026-01-21 20:09:10,649 - ERROR - 无法连接第二个串口: [Errno 2] could not open port /dev/ttyUSB1: [Errno 2] No such file or directory: '/dev/ttyUSB1'
2026-01-21 20:09:15,651 - ERROR - 无法连接第二个串口: [Errno 2] could not open port /dev/ttyUSB1: [Errno 2] No such file or directory: '/dev/ttyUSB1'
2026-01-21 20:26:47,754 - ERROR - 无法连接第二个串口: [Errno 2] could not open port /dev/ttyUSB1: [Errno 2] No such file or directory: '/dev/ttyUSB1'
2026-01-21 20:43:23,641 - ERROR - 无法连接第二个串口: [Errno 2] could not open port /dev/ttyUSB1: [Errno 2] No such file or directory: '/dev/ttyUSB1'
2026-01-21 20:43:28,652 - ERROR - 无法连接第二个串口: [Errno 2] could not open port /dev/ttyUSB1: [Errno 2] No such file or directory: '/dev/ttyUSB1'
2026-01-21 21:00:55,675 - ERROR - 无法连接第二个串口: [Errno 2] could not open port /dev/ttyUSB1: [Errno 2] No such file or directory: '/dev/ttyUSB1'
2026-01-21 21:01:00,677 - ERROR - 无法连接第二个串口: [Errno 2] could not open port /dev/ttyUSB1: [Errno 2] No such file or directory: '/dev/ttyUSB1'
2026-01-21 21:10:10,701 - ERROR - 无法连接第二个串口: [Errno 2] could not open port /dev/ttyUSB1: [Errno 2] No such file or directory: '/dev/ttyUSB1'
2026-01-21 21:10:15,704 - ERROR - 无法连接第二个串口: [Errno 2] could not open port /dev/ttyUSB1: [Errno 2] No such file or directory: '/dev/ttyUSB1'
2026-01-21 21:25:40,631 - ERROR - 无法连接第二个串口: [Errno 2] could not open port /dev/ttyUSB1: [Errno 2] No such file or directory: '/dev/ttyUSB1'
2026-01-21 21:25:45,633 - ERROR - 无法连接第二个串口: [Errno 2] could not open port /dev/ttyUSB1: [Errno 2] No such file or directory: '/dev/ttyUSB1'
2026-01-21 21:42:25,660 - ERROR - 无法连接第二个串口: [Errno 2] could not open port /dev/ttyUSB1: [Errno 2] No such file or directory: '/dev/ttyUSB1'
2026-01-21 21:42:30,663 - ERROR - 无法连接第二个串口: [Errno 2] could not open port /dev/ttyUSB1: [Errno 2] No such file or directory: '/dev/ttyUSB1'
2026-01-21 21:58:22,692 - ERROR - 无法连接第二个串口: [Errno 2] could not open port /dev/ttyUSB1: [Errno 2] No such file or directory: '/dev/ttyUSB1'
2026-01-21 21:58:27,693 - ERROR - 无法连接第二个串口: [Errno 2] could not open port /dev/ttyUSB1: [Errno 2] No such file or directory: '/dev/ttyUSB1'
2026-01-21 22:11:10,619 - ERROR - 无法连接第二个串口: [Errno 2] could not open port /dev/ttyUSB1: [Errno 2] No such file or directory: '/dev/ttyUSB1'
2026-01-21 22:11:15,631 - ERROR - 无法连接第二个串口: [Errno 2] could not open port /dev/ttyUSB1: [Errno 2] No such file or directory: '/dev/ttyUSB1'
2026-01-21 22:29:13,658 - ERROR - 无法连接第二个串口: [Errno 2] could not open port /dev/ttyUSB1: [Errno 2] No such file or directory: '/dev/ttyUSB1'
2026-01-21 22:29:18,660 - ERROR - 无法连接第二个串口: [Errno 2] could not open port /dev/ttyUSB1: [Errno 2] No such file or directory: '/dev/ttyUSB1'
2026-01-21 22:46:37,678 - ERROR - 无法连接第二个串口: [Errno 2] could not open port /dev/ttyUSB1: [Errno 2] No such file or directory: '/dev/ttyUSB1'
2026-01-21 22:46:42,681 - ERROR - 无法连接第二个串口: [Errno 2] could not open port /dev/ttyUSB1: [Errno 2] No such file or directory: '/dev/ttyUSB1'
2026-01-21 23:02:35,606 - ERROR - 无法连接第二个串口: [Errno 2] could not open port /dev/ttyUSB1: [Errno 2] No such file or directory: '/dev/ttyUSB1'
2026-01-21 23:02:40,609 - ERROR - 无法连接第二个串口: [Errno 2] could not open port /dev/ttyUSB1: [Errno 2] No such file or directory: '/dev/ttyUSB1'
2026-01-21 23:12:10,666 - ERROR - 无法连接第二个串口: [Errno 2] could not open port /dev/ttyUSB1: [Errno 2] No such file or directory: '/dev/ttyUSB1'
2026-01-21 23:12:15,668 - ERROR - 无法连接第二个串口: [Errno 2] could not open port /dev/ttyUSB1: [Errno 2] No such file or directory: '/dev/ttyUSB1'
2026-01-21 23:29:11,598 - ERROR - 无法连接第二个串口: [Errno 2] could not open port /dev/ttyUSB1: [Errno 2] No such file or directory: '/dev/ttyUSB1'
2026-01-21 23:29:16,687 - ERROR - 无法连接第二个串口: [Errno 2] could not open port /dev/ttyUSB1: [Errno 2] No such file or directory: '/dev/ttyUSB1'
2026-01-21 23:46:11,634 - ERROR - 无法连接第二个串口: [Errno 2] could not open port /dev/ttyUSB1: [Errno 2] No such file or directory: '/dev/ttyUSB1'
2026-01-21 23:46:16,635 - ERROR - 无法连接第二个串口: [Errno 2] could not open port /dev/ttyUSB1: [Errno 2] No such file or directory: '/dev/ttyUSB1'
2026-01-22 00:03:35,681 - ERROR - 无法连接第二个串口: [Errno 2] could not open port /dev/ttyUSB1: [Errno 2] No such file or directory: '/dev/ttyUSB1'
2026-01-22 00:03:40,684 - ERROR - 无法连接第二个串口: [Errno 2] could not open port /dev/ttyUSB1: [Errno 2] No such file or directory: '/dev/ttyUSB1'
2026-01-22 00:13:10,587 - ERROR - 无法连接第二个串口: [Errno 2] could not open port /dev/ttyUSB1: [Errno 2] No such file or directory: '/dev/ttyUSB1'
2026-01-22 00:13:15,591 - ERROR - 无法连接第二个串口: [Errno 2] could not open port /dev/ttyUSB1: [Errno 2] No such file or directory: '/dev/ttyUSB1'
2026-01-22 00:31:08,701 - ERROR - 无法连接第二个串口: [Errno 2] could not open port /dev/ttyUSB1: [Errno 2] No such file or directory: '/dev/ttyUSB1'
2026-01-22 00:47:56,579 - ERROR - 无法连接第二个串口: [Errno 2] could not open port /dev/ttyUSB1: [Errno 2] No such file or directory: '/dev/ttyUSB1'
2026-01-22 00:48:01,583 - ERROR - 无法连接第二个串口: [Errno 2] could not open port /dev/ttyUSB1: [Errno 2] No such file or directory: '/dev/ttyUSB1'
2026-01-22 01:03:03,631 - ERROR - 无法连接第二个串口: [Errno 2] could not open port /dev/ttyUSB1: [Errno 2] No such file or directory: '/dev/ttyUSB1'
2026-01-22 01:03:08,633 - ERROR - 无法连接第二个串口: [Errno 2] could not open port /dev/ttyUSB1: [Errno 2] No such file or directory: '/dev/ttyUSB1'
2026-01-22 01:20:53,569 - ERROR - 无法连接第二个串口: [Errno 2] could not open port /dev/ttyUSB1: [Errno 2] No such file or directory: '/dev/ttyUSB1'
2026-01-22 01:20:58,580 - ERROR - 无法连接第二个串口: [Errno 2] could not open port /dev/ttyUSB1: [Errno 2] No such file or directory: '/dev/ttyUSB1'
2026-01-22 01:36:48,584 - ERROR - 无法连接第二个串口: [Errno 2] could not open port /dev/ttyUSB1: [Errno 2] No such file or directory: '/dev/ttyUSB1'
2026-01-22 01:36:53,587 - ERROR - 无法连接第二个串口: [Errno 2] could not open port /dev/ttyUSB1: [Errno 2] No such file or directory: '/dev/ttyUSB1'
2026-01-22 01:46:59,652 - ERROR - 无法连接第二个串口: [Errno 2] could not open port /dev/ttyUSB1: [Errno 2] No such file or directory: '/dev/ttyUSB1'
2026-01-22 01:47:04,653 - ERROR - 无法连接第二个串口: [Errno 2] could not open port /dev/ttyUSB1: [Errno 2] No such file or directory: '/dev/ttyUSB1'
2026-01-22 02:02:15,664 - ERROR - 无法连接第二个串口: [Errno 2] could not open port /dev/ttyUSB1: [Errno 2] No such file or directory: '/dev/ttyUSB1'
2026-01-22 02:18:58,555 - ERROR - 无法连接第二个串口: [Errno 2] could not open port /dev/ttyUSB1: [Errno 2] No such file or directory: '/dev/ttyUSB1'
2026-01-22 02:19:03,562 - ERROR - 无法连接第二个串口: [Errno 2] could not open port /dev/ttyUSB1: [Errno 2] No such file or directory: '/dev/ttyUSB1'
2026-01-22 02:34:23,618 - ERROR - 无法连接第二个串口: [Errno 2] could not open port /dev/ttyUSB1: [Errno 2] No such file or directory: '/dev/ttyUSB1'
2026-01-22 02:34:28,620 - ERROR - 无法连接第二个串口: [Errno 2] could not open port /dev/ttyUSB1: [Errno 2] No such file or directory: '/dev/ttyUSB1'
2026-01-22 02:50:19,547 - ERROR - 无法连接第二个串口: [Errno 2] could not open port /dev/ttyUSB1: [Errno 2] No such file or directory: '/dev/ttyUSB1'
2026-01-22 02:50:24,555 - ERROR - 无法连接第二个串口: [Errno 2] could not open port /dev/ttyUSB1: [Errno 2] No such file or directory: '/dev/ttyUSB1'
2026-01-22 03:06:30,596 - ERROR - 无法连接第二个串口: [Errno 2] could not open port /dev/ttyUSB1: [Errno 2] No such file or directory: '/dev/ttyUSB1'
2026-01-22 03:06:35,599 - ERROR - 无法连接第二个串口: [Errno 2] could not open port /dev/ttyUSB1: [Errno 2] No such file or directory: '/dev/ttyUSB1'
2026-01-22 03:22:50,638 - ERROR - 无法连接第二个串口: [Errno 2] could not open port /dev/ttyUSB1: [Errno 2] No such file or directory: '/dev/ttyUSB1'
2026-01-22 03:40:38,533 - ERROR - 无法连接第二个串口: [Errno 2] could not open port /dev/ttyUSB1: [Errno 2] No such file or directory: '/dev/ttyUSB1'
2026-01-22 03:40:43,542 - ERROR - 无法连接第二个串口: [Errno 2] could not open port /dev/ttyUSB1: [Errno 2] No such file or directory: '/dev/ttyUSB1'
2026-01-22 03:58:30,583 - ERROR - 无法连接第二个串口: [Errno 2] could not open port /dev/ttyUSB1: [Errno 2] No such file or directory: '/dev/ttyUSB1'
2026-01-22 03:58:35,585 - ERROR - 无法连接第二个串口: [Errno 2] could not open port /dev/ttyUSB1: [Errno 2] No such file or directory: '/dev/ttyUSB1'
2026-01-22 04:04:50,610 - ERROR - 无法连接第二个串口: [Errno 2] could not open port /dev/ttyUSB1: [Errno 2] No such file or directory: '/dev/ttyUSB1'
2026-01-22 04:04:55,612 - ERROR - 无法连接第二个串口: [Errno 2] could not open port /dev/ttyUSB1: [Errno 2] No such file or directory: '/dev/ttyUSB1'
2026-01-22 04:20:34,523 - ERROR - 无法连接第二个串口: [Errno 2] could not open port /dev/ttyUSB1: [Errno 2] No such file or directory: '/dev/ttyUSB1'
2026-01-22 04:20:39,531 - ERROR - 无法连接第二个串口: [Errno 2] could not open port /dev/ttyUSB1: [Errno 2] No such file or directory: '/dev/ttyUSB1'
2026-01-22 04:38:17,549 - ERROR - 无法连接第二个串口: [Errno 2] could not open port /dev/ttyUSB1: [Errno 2] No such file or directory: '/dev/ttyUSB1'
2026-01-22 04:38:22,552 - ERROR - 无法连接第二个串口: [Errno 2] could not open port /dev/ttyUSB1: [Errno 2] No such file or directory: '/dev/ttyUSB1'
2026-01-22 04:53:29,555 - ERROR - 无法连接第二个串口: [Errno 2] could not open port /dev/ttyUSB1: [Errno 2] No such file or directory: '/dev/ttyUSB1'
2026-01-22 04:53:34,557 - ERROR - 无法连接第二个串口: [Errno 2] could not open port /dev/ttyUSB1: [Errno 2] No such file or directory: '/dev/ttyUSB1'
2026-01-22 05:11:21,622 - ERROR - 无法连接第二个串口: [Errno 2] could not open port /dev/ttyUSB1: [Errno 2] No such file or directory: '/dev/ttyUSB1'
2026-01-22 05:27:53,505 - ERROR - 无法连接第二个串口: [Errno 2] could not open port /dev/ttyUSB1: [Errno 2] No such file or directory: '/dev/ttyUSB1'
2026-01-22 05:27:58,515 - ERROR - 无法连接第二个串口: [Errno 2] could not open port /dev/ttyUSB1: [Errno 2] No such file or directory: '/dev/ttyUSB1'
2026-01-22 05:43:21,575 - ERROR - 无法连接第二个串口: [Errno 2] could not open port /dev/ttyUSB1: [Errno 2] No such file or directory: '/dev/ttyUSB1'
2026-01-22 05:43:26,578 - ERROR - 无法连接第二个串口: [Errno 2] could not open port /dev/ttyUSB1: [Errno 2] No such file or directory: '/dev/ttyUSB1'
2026-01-22 05:58:54,496 - ERROR - 无法连接第二个串口: [Errno 2] could not open port /dev/ttyUSB1: [Errno 2] No such file or directory: '/dev/ttyUSB1'
2026-01-22 05:58:59,505 - ERROR - 无法连接第二个串口: [Errno 2] could not open port /dev/ttyUSB1: [Errno 2] No such file or directory: '/dev/ttyUSB1'
2026-01-22 06:05:50,545 - ERROR - 无法连接第二个串口: [Errno 2] could not open port /dev/ttyUSB1: [Errno 2] No such file or directory: '/dev/ttyUSB1'
2026-01-22 06:05:55,547 - ERROR - 无法连接第二个串口: [Errno 2] could not open port /dev/ttyUSB1: [Errno 2] No such file or directory: '/dev/ttyUSB1'
2026-01-22 06:23:08,490 - ERROR - 无法连接第二个串口: [Errno 2] could not open port /dev/ttyUSB1: [Errno 2] No such file or directory: '/dev/ttyUSB1'
2026-01-22 06:23:13,500 - ERROR - 无法连接第二个串口: [Errno 2] could not open port /dev/ttyUSB1: [Errno 2] No such file or directory: '/dev/ttyUSB1'
2026-01-22 06:38:45,548 - ERROR - 无法连接第二个串口: [Errno 2] could not open port /dev/ttyUSB1: [Errno 2] No such file or directory: '/dev/ttyUSB1'
2026-01-22 06:38:50,551 - ERROR - 无法连接第二个串口: [Errno 2] could not open port /dev/ttyUSB1: [Errno 2] No such file or directory: '/dev/ttyUSB1'
2026-01-22 06:54:58,575 - ERROR - 无法连接第二个串口: [Errno 2] could not open port /dev/ttyUSB1: [Errno 2] No such file or directory: '/dev/ttyUSB1'
2026-01-22 06:55:03,578 - ERROR - 无法连接第二个串口: [Errno 2] could not open port /dev/ttyUSB1: [Errno 2] No such file or directory: '/dev/ttyUSB1'
2026-01-22 07:06:50,479 - ERROR - 无法连接第二个串口: [Errno 2] could not open port /dev/ttyUSB1: [Errno 2] No such file or directory: '/dev/ttyUSB1'
2026-01-22 07:06:55,481 - ERROR - 无法连接第二个串口: [Errno 2] could not open port /dev/ttyUSB1: [Errno 2] No such file or directory: '/dev/ttyUSB1'
2026-01-22 07:23:42,475 - ERROR - 无法连接第二个串口: [Errno 2] could not open port /dev/ttyUSB1: [Errno 2] No such file or directory: '/dev/ttyUSB1'
2026-01-22 07:23:47,484 - ERROR - 无法连接第二个串口: [Errno 2] could not open port /dev/ttyUSB1: [Errno 2] No such file or directory: '/dev/ttyUSB1'
2026-01-22 07:40:12,514 - ERROR - 无法连接第二个串口: [Errno 2] could not open port /dev/ttyUSB1: [Errno 2] No such file or directory: '/dev/ttyUSB1'
2026-01-22 07:40:17,516 - ERROR - 无法连接第二个串口: [Errno 2] could not open port /dev/ttyUSB1: [Errno 2] No such file or directory: '/dev/ttyUSB1'
2026-01-22 07:51:56,577 - ERROR - 无法连接第二个串口: [Errno 2] could not open port /dev/ttyUSB1: [Errno 2] No such file or directory: '/dev/ttyUSB1'
2026-01-22 07:52:01,580 - ERROR - 无法连接第二个串口: [Errno 2] could not open port /dev/ttyUSB1: [Errno 2] No such file or directory: '/dev/ttyUSB1'
2026-01-22 07:59:21,334 - ERROR - 无法连接第二个串口: [Errno 2] could not open port /dev/ttyUSB1: [Errno 2] No such file or directory: '/dev/ttyUSB1'
2026-01-22 07:59:26,336 - ERROR - 无法连接第二个串口: [Errno 2] could not open port /dev/ttyUSB1: [Errno 2] No such file or directory: '/dev/ttyUSB1'
2026-01-22 07:59:31,338 - ERROR - 无法连接第二个串口: [Errno 2] could not open port /dev/ttyUSB1: [Errno 2] No such file or directory: '/dev/ttyUSB1'
2026-01-22 07:59:36,339 - ERROR - 无法连接第二个串口: [Errno 2] could not open port /dev/ttyUSB1: [Errno 2] No such file or directory: '/dev/ttyUSB1'
2026-01-22 07:59:41,341 - ERROR - 无法连接第二个串口: [Errno 2] could not open port /dev/ttyUSB1: [Errno 2] No such file or directory: '/dev/ttyUSB1'
2026-01-22 07:59:46,342 - ERROR - 无法连接第二个串口: [Errno 2] could not open port /dev/ttyUSB1: [Errno 2] No such file or directory: '/dev/ttyUSB1'
2026-01-22 07:59:51,344 - ERROR - 无法连接第二个串口: [Errno 2] could not open port /dev/ttyUSB1: [Errno 2] No such file or directory: '/dev/ttyUSB1'
2026-01-22 07:59:56,345 - ERROR - 无法连接第二个串口: [Errno 2] could not open port /dev/ttyUSB1: [Errno 2] No such file or directory: '/dev/ttyUSB1'
2026-01-22 08:00:01,347 - ERROR - 无法连接第二个串口: [Errno 2] could not open port /dev/ttyUSB1: [Errno 2] No such file or directory: '/dev/ttyUSB1'
2026-01-22 08:00:06,350 - ERROR - 无法连接第二个串口: [Errno 2] could not open port /dev/ttyUSB1: [Errno 2] No such file or directory: '/dev/ttyUSB1'
2026-01-22 08:00:11,351 - ERROR - 无法连接第二个串口: [Errno 2] could not open port /dev/ttyUSB1: [Errno 2] No such file or directory: '/dev/ttyUSB1'
2026-01-22 08:00:16,354 - ERROR - 无法连接第二个串口: [Errno 2] could not open port /dev/ttyUSB1: [Errno 2] No such file or directory: '/dev/ttyUSB1'
2026-01-22 08:00:21,356 - ERROR - 无法连接第二个串口: [Errno 2] could not open port /dev/ttyUSB1: [Errno 2] No such file or directory: '/dev/ttyUSB1'
2026-01-22 08:00:26,358 - ERROR - 无法连接第二个串口: [Errno 2] could not open port /dev/ttyUSB1: [Errno 2] No such file or directory: '/dev/ttyUSB1'
2026-01-22 08:00:31,361 - ERROR - 无法连接第二个串口: [Errno 2] could not open port /dev/ttyUSB1: [Errno 2] No such file or directory: '/dev/ttyUSB1'
2026-01-22 08:00:36,362 - ERROR - 无法连接第二个串口: [Errno 2] could not open port /dev/ttyUSB1: [Errno 2] No such file or directory: '/dev/ttyUSB1'
2026-01-22 08:00:41,364 - ERROR - 无法连接第二个串口: [Errno 2] could not open port /dev/ttyUSB1: [Errno 2] No such file or directory: '/dev/ttyUSB1'
2026-01-22 08:00:46,367 - ERROR - 无法连接第二个串口: [Errno 2] could not open port /dev/ttyUSB1: [Errno 2] No such file or directory: '/dev/ttyUSB1'
2026-01-22 08:00:51,368 - ERROR - 无法连接第二个串口: [Errno 2] could not open port /dev/ttyUSB1: [Errno 2] No such file or directory: '/dev/ttyUSB1'
2026-01-22 08:00:56,369 - ERROR - 无法连接第二个串口: [Errno 2] could not open port /dev/ttyUSB1: [Errno 2] No such file or directory: '/dev/ttyUSB1'
2026-01-22 08:01:01,370 - ERROR - 无法连接第二个串口: [Errno 2] could not open port /dev/ttyUSB1: [Errno 2] No such file or directory: '/dev/ttyUSB1'
2026-01-22 08:01:06,372 - ERROR - 无法连接第二个串口: [Errno 2] could not open port /dev/ttyUSB1: [Errno 2] No such file or directory: '/dev/ttyUSB1'
2026-01-22 08:01:11,374 - ERROR - 无法连接第二个串口: [Errno 2] could not open port /dev/ttyUSB1: [Errno 2] No such file or directory: '/dev/ttyUSB1'
2026-01-22 08:01:16,376 - ERROR - 无法连接第二个串口: [Errno 2] could not open port /dev/ttyUSB1: [Errno 2] No such file or directory: '/dev/ttyUSB1'
2026-01-22 08:01:21,378 - ERROR - 无法连接第二个串口: [Errno 2] could not open port /dev/ttyUSB1: [Errno 2] No such file or directory: '/dev/ttyUSB1'
2026-01-22 08:01:26,379 - ERROR - 无法连接第二个串口: [Errno 2] could not open port /dev/ttyUSB1: [Errno 2] No such file or directory: '/dev/ttyUSB1'
2026-01-22 08:01:31,381 - ERROR - 无法连接第二个串口: [Errno 2] could not open port /dev/ttyUSB1: [Errno 2] No such file or directory: '/dev/ttyUSB1'
2026-01-22 09:45:34,874 - ERROR - TCP/IP连接失败: [Errno 61] Connection refused
2026-01-22 09:45:35,876 - ERROR - 无法连接第二个串口: [Errno 2] could not open port /dev/ttyUSB1: [Errno 2] No such file or directory: '/dev/ttyUSB1'
2026-01-22 09:45:38,697 - INFO - 开始执行测试流程
2026-01-22 09:45:38,697 - INFO - 尝试连接串口 /dev/ttyUSB0
2026-01-22 09:45:38,698 - ERROR - 无法连接串口: [Errno 2] could not open port /dev/ttyUSB0: [Errno 2] No such file or directory: '/dev/ttyUSB0'
2026-01-22 09:45:38,698 - ERROR - 串口错误: 无法获取串口连接
2026-01-22 09:45:39,547 - INFO - 开始执行测试流程
2026-01-22 09:45:39,547 - INFO - 尝试连接串口 /dev/ttyUSB0
2026-01-22 09:45:39,548 - ERROR - 无法连接串口: [Errno 2] could not open port /dev/ttyUSB0: [Errno 2] No such file or directory: '/dev/ttyUSB0'
2026-01-22 09:45:39,548 - ERROR - 串口错误: 无法获取串口连接
2026-01-22 09:45:39,732 - INFO - 开始执行测试流程
2026-01-22 09:45:39,732 - INFO - 尝试连接串口 /dev/ttyUSB0
2026-01-22 09:45:39,732 - ERROR - 无法连接串口: [Errno 2] could not open port /dev/ttyUSB0: [Errno 2] No such file or directory: '/dev/ttyUSB0'
2026-01-22 09:45:39,732 - ERROR - 串口错误: 无法获取串口连接
2026-01-22 09:45:39,897 - INFO - 开始执行测试流程
2026-01-22 09:45:39,897 - INFO - 尝试连接串口 /dev/ttyUSB0
2026-01-22 09:45:39,897 - ERROR - 无法连接串口: [Errno 2] could not open port /dev/ttyUSB0: [Errno 2] No such file or directory: '/dev/ttyUSB0'
2026-01-22 09:45:39,897 - ERROR - 串口错误: 无法获取串口连接
2026-01-22 09:45:42,906 - ERROR - 无法连接第二个串口: [Errno 2] could not open port /dev/ttyUSB1: [Errno 2] No such file or directory: '/dev/ttyUSB1'
2026-01-22 09:45:45,420 - ERROR - 无法连接串口: [Errno 2] could not open port /dev/ttyUSB0: [Errno 2] No such file or directory: '/dev/ttyUSB0'
2026-01-22 09:45:47,907 - ERROR - 无法连接第二个串口: [Errno 2] could not open port /dev/ttyUSB1: [Errno 2] No such file or directory: '/dev/ttyUSB1'
2026-01-22 09:45:52,908 - ERROR - 无法连接第二个串口: [Errno 2] could not open port /dev/ttyUSB1: [Errno 2] No such file or directory: '/dev/ttyUSB1'
2026-01-22 09:45:57,910 - ERROR - 无法连接第二个串口: [Errno 2] could not open port /dev/ttyUSB1: [Errno 2] No such file or directory: '/dev/ttyUSB1'
2026-01-22 09:46:02,911 - ERROR - 无法连接第二个串口: [Errno 2] could not open port /dev/ttyUSB1: [Errno 2] No such file or directory: '/dev/ttyUSB1'
2026-01-22 09:46:07,913 - ERROR - 无法连接第二个串口: [Errno 2] could not open port /dev/ttyUSB1: [Errno 2] No such file or directory: '/dev/ttyUSB1'
2026-01-22 09:46:12,915 - ERROR - 无法连接第二个串口: [Errno 2] could not open port /dev/ttyUSB1: [Errno 2] No such file or directory: '/dev/ttyUSB1'
2026-01-22 09:46:17,916 - ERROR - 无法连接第二个串口: [Errno 2] could not open port /dev/ttyUSB1: [Errno 2] No such file or directory: '/dev/ttyUSB1'
2026-01-22 09:46:22,918 - ERROR - 无法连接第二个串口: [Errno 2] could not open port /dev/ttyUSB1: [Errno 2] No such file or directory: '/dev/ttyUSB1'
2026-01-22 09:46:27,920 - ERROR - 无法连接第二个串口: [Errno 2] could not open port /dev/ttyUSB1: [Errno 2] No such file or directory: '/dev/ttyUSB1'
2026-01-22 09:46:32,922 - ERROR - 无法连接第二个串口: [Errno 2] could not open port /dev/ttyUSB1: [Errno 2] No such file or directory: '/dev/ttyUSB1'
2026-01-22 09:46:37,924 - ERROR - 无法连接第二个串口: [Errno 2] could not open port /dev/ttyUSB1: [Errno 2] No such file or directory: '/dev/ttyUSB1'
2026-01-22 09:46:42,926 - ERROR - 无法连接第二个串口: [Errno 2] could not open port /dev/ttyUSB1: [Errno 2] No such file or directory: '/dev/ttyUSB1'
2026-01-22 09:46:47,928 - ERROR - 无法连接第二个串口: [Errno 2] could not open port /dev/ttyUSB1: [Errno 2] No such file or directory: '/dev/ttyUSB1'
2026-01-22 09:46:52,930 - ERROR - 无法连接第二个串口: [Errno 2] could not open port /dev/ttyUSB1: [Errno 2] No such file or directory: '/dev/ttyUSB1'
2026-01-22 09:46:57,932 - ERROR - 无法连接第二个串口: [Errno 2] could not open port /dev/ttyUSB1: [Errno 2] No such file or directory: '/dev/ttyUSB1'
2026-01-22 13:30:46,295 - ERROR - TCP/IP连接失败: [Errno 61] Connection refused
2026-01-22 13:30:47,308 - ERROR - 执行adb命令失败: [Errno 2] No such file or directory: 'adb'
2026-01-22 13:30:52,321 - ERROR - 执行adb命令失败: [Errno 2] No such file or directory: 'adb'
2026-01-22 13:30:55,444 - INFO - 开始执行测试流程
2026-01-22 13:30:55,444 - INFO - 尝试连接串口 /dev/ttyUSB0
2026-01-22 13:30:55,444 - ERROR - 无法连接串口: [Errno 2] could not open port /dev/ttyUSB0: [Errno 2] No such file or directory: '/dev/ttyUSB0'
2026-01-22 13:30:55,445 - ERROR - 串口错误: 无法获取串口连接
2026-01-22 13:30:56,093 - INFO - 开始执行测试流程
2026-01-22 13:30:56,093 - INFO - 尝试连接串口 /dev/ttyUSB0
2026-01-22 13:30:56,093 - ERROR - 无法连接串口: [Errno 2] could not open port /dev/ttyUSB0: [Errno 2] No such file or directory: '/dev/ttyUSB0'
2026-01-22 13:30:56,093 - ERROR - 串口错误: 无法获取串口连接
2026-01-22 13:30:56,294 - INFO - 开始执行测试流程
2026-01-22 13:30:56,294 - INFO - 尝试连接串口 /dev/ttyUSB0
2026-01-22 13:30:56,294 - ERROR - 无法连接串口: [Errno 2] could not open port /dev/ttyUSB0: [Errno 2] No such file or directory: '/dev/ttyUSB0'
2026-01-22 13:30:56,294 - ERROR - 串口错误: 无法获取串口连接
2026-01-22 13:30:56,459 - INFO - 开始执行测试流程
2026-01-22 13:30:56,459 - INFO - 尝试连接串口 /dev/ttyUSB0
2026-01-22 13:30:56,459 - ERROR - 无法连接串口: [Errno 2] could not open port /dev/ttyUSB0: [Errno 2] No such file or directory: '/dev/ttyUSB0'
2026-01-22 13:30:56,459 - ERROR - 串口错误: 无法获取串口连接
2026-01-22 13:30:57,343 - ERROR - 执行adb命令失败: [Errno 2] No such file or directory: 'adb'
2026-01-22 13:31:02,366 - ERROR - 执行adb命令失败: [Errno 2] No such file or directory: 'adb'
2026-01-22 13:31:07,380 - ERROR - 执行adb命令失败: [Errno 2] No such file or directory: 'adb'
2026-01-22 13:31:12,385 - ERROR - 执行adb命令失败: [Errno 2] No such file or directory: 'adb'
2026-01-22 13:31:17,400 - ERROR - 执行adb命令失败: [Errno 2] No such file or directory: 'adb'
2026-01-22 13:31:22,415 - ERROR - 执行adb命令失败: [Errno 2] No such file or directory: 'adb'
